d/OPEN e/MID a/CLOSE b/OPEN e/MID a/MID a/MID a/CLOSE e/SINGLE c/SINGLE
c/OPEN e/MID d/CLOSE a/OPEN c/MID a/MID e/MID d/MID c/CLOSE b/SINGLE c/SINGLE
c/OPEN c/MID c/OPEN b/MID a/MID d/MID d/MID c/CLOSE d/OPEN c/MID b/MID b/CLOSE e/SINGLE d/SINGLE
a/OPEN d/MID b/CLOSE d/OPEN e/MID b/MID e/MID c/MID a/MID e/MID a/MID b/MID e/MID c/CLOSE c/CLOSE
e/SINGLE b/OPEN b/CLOSE a/OPEN e/MID c/MID d/MID a/CLOSE
b/OPEN a/MID a/MID d/MID c/CLOSE d/OPEN e/MID a/MID b/MID c/MID a/MID b/MID a/CLOSE
c/OPEN e/MID a/MID a/MID b/MID c/MID b/MID a/MID a/MID b/MID a/MID c/MID a/CLOSE
b/OPEN e/MID d/OPEN a/CLOSE a/OPEN e/MID b/MID c/MID b/MID e/MID c/MID d/MID d/CLOSE
c/SINGLE d/OPEN c/MID b/CLOSE a/SINGLE a/SINGLE
a/OPEN c/MID a/OPEN d/MID e/MID c/MID d/MID b/MID d/MID e/MID e/MID b/MID e/CLOSE
d/OPEN b/MID e/MID a/MID c/MID d/MID b/CLOSE
d/OPEN d/MID e/MID e/MID c/MID e/MID c/MID b/MID e/MID b/MID a/CLOSE
a/OPEN e/MID d/MID e/MID e/MID d/MID d/MID c/MID c/MID a/MID b/MID a/MID c/CLOSE c/SINGLE b/SINGLE
d/OPEN d/MID e/MID d/MID a/CLOSE
d/OPEN c/MID b/MID e/MID a/MID a/MID e/MID e/MID c/MID b/MID d/MID d/MID d/CLOSE
e/SINGLE c/OPEN a/OPEN a/MID b/MID e/MID d/MID e/CLOSE
c/OPEN e/MID b/OPEN e/MID a/MID c/MID a/MID d/MID c/MID e/MID c/CLOSE c/CLOSE
b/SINGLE c/OPEN c/OPEN b/CLOSE a/OPEN e/MID b/MID d/MID e/MID e/CLOSE
c/OPEN c/MID d/CLOSE e/SINGLE e/SINGLE
a/OPEN e/MID a/CLOSE c/SINGLE a/SINGLE
c/OPEN d/MID c/CLOSE d/OPEN d/MID b/MID b/MID c/CLOSE c/SINGLE c/SINGLE
e/OPEN d/MID e/MID e/MID d/MID c/MID d/MID c/CLOSE
a/SINGLE a/OPEN b/MID a/CLOSE b/SINGLE e/SINGLE
e/OPEN b/MID a/CLOSE c/SINGLE b/SINGLE
c/OPEN e/MID c/CLOSE a/OPEN c/MID a/MID d/MID d/MID d/MID d/MID a/MID b/MID b/CLOSE
b/OPEN d/MID e/CLOSE c/SINGLE a/SINGLE
b/OPEN e/MID b/MID e/MID d/MID a/MID a/MID b/MID a/MID e/MID d/MID e/MID e/CLOSE
e/OPEN a/MID c/OPEN d/CLOSE e/OPEN e/MID b/MID c/MID b/MID e/MID c/CLOSE d/CLOSE
b/OPEN e/MID e/MID a/MID c/CLOSE b/SINGLE e/SINGLE
a/OPEN a/MID a/MID b/MID c/MID b/MID a/MID c/MID b/MID c/MID a/MID c/CLOSE
e/SINGLE c/OPEN b/MID a/MID c/MID e/MID d/MID a/MID a/MID a/MID c/MID d/CLOSE
a/OPEN a/MID b/CLOSE d/OPEN d/MID b/MID d/MID c/MID b/CLOSE
b/OPEN a/MID b/OPEN c/CLOSE b/OPEN e/MID a/MID a/MID d/MID a/MID d/MID d/MID e/MID d/CLOSE
e/SINGLE a/OPEN c/MID a/MID d/MID e/CLOSE
c/OPEN a/MID b/CLOSE c/OPEN c/MID c/MID d/MID e/CLOSE
a/OPEN b/MID b/MID b/MID d/MID b/MID c/MID a/MID b/CLOSE c/SINGLE c/SINGLE
b/OPEN e/MID a/OPEN d/CLOSE a/OPEN b/MID e/MID a/MID b/CLOSE
c/OPEN a/MID a/MID d/MID e/MID b/CLOSE
e/OPEN d/MID e/OPEN e/CLOSE a/OPEN a/MID a/MID a/MID b/MID d/MID b/CLOSE
c/OPEN b/MID a/OPEN d/CLOSE a/OPEN e/MID e/MID e/MID a/MID d/MID c/MID d/MID e/CLOSE c/SINGLE b/SINGLE
d/OPEN c/MID e/MID d/MID c/MID b/MID a/MID a/MID a/MID a/MID a/MID a/MID d/MID c/MID b/CLOSE
d/OPEN d/MID e/CLOSE a/OPEN d/MID d/MID d/MID b/MID b/MID b/MID e/MID d/MID b/MID d/MID a/CLOSE
b/OPEN e/MID c/OPEN d/CLOSE d/OPEN e/MID d/MID e/MID c/CLOSE
e/SINGLE d/OPEN d/MID b/MID e/MID e/MID e/MID b/MID b/MID b/MID e/CLOSE
d/SINGLE b/OPEN a/CLOSE a/OPEN b/MID a/MID c/MID d/MID d/MID c/CLOSE e/SINGLE a/SINGLE
b/OPEN a/MID c/OPEN e/CLOSE a/OPEN d/MID a/MID b/CLOSE c/SINGLE b/SINGLE
e/SINGLE d/OPEN a/MID e/MID a/MID a/CLOSE
d/OPEN b/MID a/MID b/MID d/MID b/MID e/CLOSE
a/OPEN c/MID c/OPEN e/MID b/MID a/MID a/MID b/CLOSE
d/SINGLE d/OPEN e/CLOSE a/OPEN b/MID c/MID d/MID d/CLOSE
a/OPEN a/MID b/OPEN b/MID a/MID c/MID a/MID d/MID e/MID d/MID e/CLOSE
c/OPEN c/MID a/MID a/MID e/MID d/MID c/MID a/MID b/MID a/MID c/MID c/CLOSE
e/OPEN c/CLOSE a/OPEN c/MID a/MID c/MID d/MID c/MID e/MID a/MID c/MID d/MID a/CLOSE
e/OPEN e/MID c/CLOSE c/OPEN d/MID b/MID c/MID d/MID c/MID d/MID c/MID d/CLOSE
b/OPEN b/MID a/OPEN e/MID b/MID c/MID e/MID d/MID c/CLOSE
b/OPEN d/MID e/MID c/CLOSE e/OPEN e/MID a/MID a/MID b/MID c/MID c/MID c/MID b/MID d/MID a/CLOSE
c/OPEN d/CLOSE d/OPEN c/CLOSE a/OPEN a/OPEN d/MID c/MID b/MID a/MID e/MID b/MID b/MID b/CLOSE
b/OPEN a/MID c/OPEN d/CLOSE a/OPEN d/MID b/MID e/MID a/MID d/MID e/CLOSE
c/OPEN b/CLOSE b/OPEN c/CLOSE a/OPEN d/MID c/MID e/MID c/MID a/MID a/CLOSE e/SINGLE d/SINGLE
a/OPEN e/MID a/MID c/CLOSE c/OPEN b/MID a/MID a/MID b/MID e/MID a/MID d/MID d/CLOSE
e/SINGLE d/OPEN c/OPEN e/CLOSE c/OPEN e/MID e/MID a/MID e/MID b/MID c/CLOSE
c/OPEN c/MID e/MID c/MID b/MID c/MID e/MID e/MID d/MID e/MID a/MID e/MID c/CLOSE d/CLOSE
d/SINGLE c/OPEN c/MID e/CLOSE a/SINGLE c/SINGLE
c/OPEN e/MID d/MID a/MID b/CLOSE
d/SINGLE e/OPEN a/MID c/CLOSE c/SINGLE c/SINGLE
e/SINGLE a/OPEN c/OPEN e/MID c/CLOSE e/SINGLE e/SINGLE
c/OPEN e/MID c/MID c/CLOSE c/OPEN d/MID d/MID b/MID b/MID d/MID c/MID c/MID d/MID d/CLOSE
a/OPEN c/MID e/MID c/MID e/MID a/MID d/CLOSE
a/OPEN b/MID b/CLOSE b/SINGLE c/SINGLE
a/OPEN b/MID a/CLOSE e/SINGLE b/SINGLE
c/OPEN a/MID e/MID b/MID d/MID e/MID b/MID d/MID b/MID b/MID a/MID c/CLOSE
e/OPEN e/MID b/MID a/MID a/MID c/MID d/MID a/MID a/CLOSE
e/OPEN c/MID a/CLOSE c/SINGLE d/SINGLE
c/SINGLE d/OPEN d/OPEN a/CLOSE b/OPEN e/MID c/MID b/MID c/CLOSE c/SINGLE e/SINGLE
d/OPEN c/MID b/CLOSE c/OPEN e/MID c/MID b/MID c/MID e/MID e/MID d/MID a/MID b/MID a/CLOSE
e/OPEN c/MID b/MID e/MID e/MID e/MID a/MID a/MID e/MID b/CLOSE e/SINGLE c/SINGLE
c/OPEN a/MID e/OPEN d/CLOSE a/OPEN a/MID b/MID b/MID e/MID d/MID e/MID d/CLOSE
b/OPEN d/MID e/OPEN e/MID d/MID b/MID d/CLOSE
c/OPEN e/CLOSE b/OPEN c/MID a/MID c/MID d/MID e/MID d/MID b/MID b/MID c/CLOSE
a/OPEN c/MID d/MID c/CLOSE d/OPEN a/MID a/MID c/MID d/MID d/MID e/CLOSE
e/OPEN e/MID b/OPEN e/MID c/CLOSE a/SINGLE d/SINGLE
d/OPEN b/MID e/MID b/MID c/MID d/MID e/CLOSE
d/OPEN c/MID d/MID d/MID c/MID e/MID d/MID e/MID b/MID a/MID d/MID b/MID a/MID d/CLOSE
a/OPEN b/MID e/MID b/MID d/MID b/MID d/CLOSE
a/OPEN b/MID d/OPEN e/CLOSE d/OPEN e/MID b/MID c/MID a/MID e/MID b/MID c/CLOSE
e/OPEN b/MID b/CLOSE c/SINGLE b/SINGLE
e/OPEN a/MID b/MID d/CLOSE d/OPEN e/MID c/MID b/MID a/MID b/MID d/MID d/MID c/CLOSE c/SINGLE e/SINGLE
e/OPEN d/MID e/MID b/MID b/MID b/MID a/MID a/MID d/MID d/MID e/MID c/CLOSE
e/OPEN a/MID e/OPEN b/MID a/MID a/MID a/CLOSE e/SINGLE e/SINGLE
b/OPEN b/CLOSE b/OPEN d/MID a/CLOSE
b/OPEN c/MID a/CLOSE d/OPEN c/CLOSE a/OPEN e/MID c/MID b/MID d/MID c/MID a/MID b/MID d/CLOSE
d/OPEN b/MID b/MID e/MID e/MID d/MID b/CLOSE b/SINGLE e/SINGLE
b/OPEN a/MID d/OPEN d/CLOSE b/OPEN e/MID c/MID b/MID e/MID d/MID d/CLOSE
e/SINGLE d/OPEN e/CLOSE a/OPEN c/MID a/MID c/MID e/MID b/MID e/CLOSE
e/OPEN e/MID e/MID a/CLOSE c/OPEN e/MID b/MID a/MID c/MID a/MID e/MID e/CLOSE e/SINGLE a/SINGLE
e/OPEN e/MID c/OPEN d/MID a/MID a/MID b/CLOSE e/SINGLE c/SINGLE
c/OPEN c/MID b/MID e/CLOSE c/SINGLE c/SINGLE
a/OPEN b/MID c/MID e/MID d/MID d/MID c/MID c/MID d/MID c/MID a/CLOSE
b/OPEN d/MID c/CLOSE c/OPEN e/MID c/MID e/MID a/MID c/CLOSE
a/OPEN d/MID e/MID b/MID b/MID a/MID d/MID a/MID d/CLOSE
b/SINGLE d/OPEN b/MID e/CLOSE d/SINGLE d/SINGLE
b/OPEN a/MID b/MID e/MID d/MID c/MID c/MID d/MID d/MID c/CLOSE c/SINGLE e/SINGLE
c/OPEN e/MID e/CLOSE a/OPEN d/MID b/MID c/MID a/MID b/MID b/MID c/CLOSE
b/OPEN a/MID d/CLOSE e/OPEN d/MID a/MID d/MID b/MID d/MID c/MID e/MID a/MID c/MID b/CLOSE
c/OPEN a/MID c/CLOSE c/OPEN b/MID b/MID e/MID e/MID a/MID d/MID a/MID a/MID c/MID e/CLOSE
a/OPEN b/MID a/CLOSE c/OPEN d/MID a/MID c/MID d/MID e/MID b/MID d/MID b/CLOSE
d/OPEN b/MID c/CLOSE c/OPEN e/MID b/MID e/MID e/MID b/MID a/CLOSE
e/OPEN c/MID b/MID e/MID d/MID c/MID a/MID d/CLOSE
c/SINGLE b/SINGLE d/OPEN d/MID a/MID b/MID b/CLOSE
d/OPEN a/MID b/MID c/MID c/MID e/MID e/MID d/MID c/MID e/MID c/CLOSE a/CLOSE
e/OPEN c/MID e/CLOSE c/SINGLE b/SINGLE
b/SINGLE d/OPEN c/OPEN c/MID c/CLOSE b/SINGLE a/SINGLE
a/OPEN c/MID b/MID c/CLOSE c/OPEN d/MID a/MID d/MID d/MID b/CLOSE c/SINGLE a/SINGLE
a/OPEN c/MID e/MID c/MID b/MID a/MID d/MID e/MID e/MID c/MID e/MID a/MID b/MID c/CLOSE
a/OPEN c/MID a/MID b/MID b/MID d/MID e/MID e/MID c/MID a/MID c/CLOSE
d/OPEN e/MID e/CLOSE a/OPEN d/MID d/MID e/MID d/MID a/MID a/MID b/MID d/MID d/MID b/CLOSE
a/OPEN e/MID e/MID b/MID b/MID e/MID a/MID a/MID b/CLOSE
d/OPEN e/MID e/CLOSE c/OPEN b/MID c/CLOSE b/SINGLE d/SINGLE
e/OPEN b/MID e/MID d/MID a/CLOSE
b/OPEN c/MID b/MID e/MID c/MID b/MID d/MID c/MID a/MID c/MID b/MID c/CLOSE e/SINGLE d/SINGLE
