d/SINGLE e/SINGLE a/SINGLE b/SINGLE e/SINGLE a/SINGLE a/SINGLE a/SINGLE e/SINGLE c/SINGLE
c/SINGLE e/SINGLE d/SINGLE a/SINGLE c/SINGLE a/SINGLE e/SINGLE d/SINGLE c/SINGLE b/SINGLE c/SINGLE
c/SINGLE c/SINGLE c/SINGLE b/SINGLE a/SINGLE d/SINGLE d/SINGLE c/SINGLE d/SINGLE c/SINGLE b/SINGLE b/SINGLE e/SINGLE d/SINGLE
a/SINGLE d/SINGLE b/SINGLE d/SINGLE e/SINGLE b/SINGLE e/SINGLE c/SINGLE a/SINGLE e/SINGLE a/SINGLE b/SINGLE e/SINGLE c/SINGLE c/SINGLE
e/SINGLE b/SINGLE b/SINGLE a/SINGLE e/SINGLE c/SINGLE d/SINGLE a/SINGLE
b/SINGLE a/SINGLE a/SINGLE d/SINGLE c/SINGLE d/SINGLE e/SINGLE a/SINGLE b/SINGLE c/SINGLE a/SINGLE b/SINGLE a/SINGLE
c/SINGLE e/SINGLE a/SINGLE a/SINGLE b/SINGLE c/SINGLE b/SINGLE a/SINGLE a/SINGLE b/SINGLE a/SINGLE c/SINGLE a/SINGLE
b/SINGLE e/SINGLE d/SINGLE a/SINGLE a/SINGLE e/SINGLE b/SINGLE c/SINGLE b/SINGLE e/SINGLE c/SINGLE d/SINGLE d/SINGLE
c/SINGLE d/SINGLE c/SINGLE b/SINGLE a/SINGLE a/SINGLE
a/SINGLE c/SINGLE a/SINGLE d/SINGLE e/SINGLE c/SINGLE d/SINGLE b/SINGLE d/SINGLE e/SINGLE e/SINGLE b/SINGLE e/SINGLE
d/SINGLE b/SINGLE e/SINGLE a/SINGLE c/SINGLE d/SINGLE b/SINGLE
d/SINGLE d/SINGLE e/SINGLE e/SINGLE c/SINGLE e/SINGLE c/SINGLE b/SINGLE e/SINGLE b/SINGLE a/SINGLE
a/SINGLE e/SINGLE d/SINGLE e/SINGLE e/SINGLE d/SINGLE d/SINGLE c/SINGLE c/SINGLE a/SINGLE b/SINGLE a/SINGLE c/SINGLE c/SINGLE b/SINGLE
d/SINGLE d/SINGLE e/SINGLE d/SINGLE a/SINGLE
d/SINGLE c/SINGLE b/SINGLE e/SINGLE a/SINGLE a/SINGLE e/SINGLE e/SINGLE c/SINGLE b/SINGLE d/SINGLE d/SINGLE d/SINGLE
e/SINGLE c/SINGLE a/SINGLE a/SINGLE b/SINGLE e/SINGLE d/SINGLE e/SINGLE
c/SINGLE e/SINGLE b/SINGLE e/SINGLE a/SINGLE c/SINGLE a/SINGLE d/SINGLE c/SINGLE e/SINGLE c/SINGLE c/SINGLE
b/SINGLE c/SINGLE c/SINGLE b/SINGLE a/SINGLE e/SINGLE b/SINGLE d/SINGLE e/SINGLE e/SINGLE
c/SINGLE c/SINGLE d/SINGLE e/SINGLE e/SINGLE
a/SINGLE e/SINGLE a/SINGLE c/SINGLE a/SINGLE
c/SINGLE d/SINGLE c/SINGLE d/SINGLE d/SINGLE b/SINGLE b/SINGLE c/SINGLE c/SINGLE c/SINGLE
e/SINGLE d/SINGLE e/SINGLE e/SINGLE d/SINGLE c/SINGLE d/SINGLE c/SINGLE
a/SINGLE a/SINGLE b/SINGLE a/SINGLE b/SINGLE e/SINGLE
e/SINGLE b/SINGLE a/SINGLE c/SINGLE b/SINGLE
c/SINGLE e/SINGLE c/SINGLE a/SINGLE c/SINGLE a/SINGLE d/SINGLE d/SINGLE d/SINGLE d/SINGLE a/SINGLE b/SINGLE b/SINGLE
b/SINGLE d/SINGLE e/SINGLE c/SINGLE a/SINGLE
b/SINGLE e/SINGLE b/SINGLE e/SINGLE d/SINGLE a/SINGLE a/SINGLE b/SINGLE a/SINGLE e/SINGLE d/SINGLE e/SINGLE e/SINGLE
e/SINGLE a/SINGLE c/SINGLE d/SINGLE e/SINGLE e/SINGLE b/SINGLE c/SINGLE b/SINGLE e/SINGLE c/SINGLE d/SINGLE
b/SINGLE e/SINGLE e/SINGLE a/SINGLE c/SINGLE b/SINGLE e/SINGLE
a/SINGLE a/SINGLE a/SINGLE b/SINGLE c/SINGLE b/SINGLE a/SINGLE c/SINGLE b/SINGLE c/SINGLE a/SINGLE c/SINGLE
e/SINGLE c/SINGLE b/SINGLE a/SINGLE c/SINGLE e/SINGLE d/SINGLE a/SINGLE a/SINGLE a/SINGLE c/SINGLE d/SINGLE
a/SINGLE a/SINGLE b/SINGLE d/SINGLE d/SINGLE b/SINGLE d/SINGLE c/SINGLE b/SINGLE
b/SINGLE a/SINGLE b/SINGLE c/SINGLE b/SINGLE e/SINGLE a/SINGLE a/SINGLE d/SINGLE a/SINGLE d/SINGLE d/SINGLE e/SINGLE d/SINGLE
e/SINGLE a/SINGLE c/SINGLE a/SINGLE d/SINGLE e/SINGLE
c/SINGLE a/SINGLE b/SINGLE c/SINGLE c/SINGLE c/SINGLE d/SINGLE e/SINGLE
a/SINGLE b/SINGLE b/SINGLE b/SINGLE d/SINGLE b/SINGLE c/SINGLE a/SINGLE b/SINGLE c/SINGLE c/SINGLE
b/SINGLE e/SINGLE a/SINGLE d/SINGLE a/SINGLE b/SINGLE e/SINGLE a/SINGLE b/SINGLE
c/SINGLE a/SINGLE a/SINGLE d/SINGLE e/SINGLE b/SINGLE
e/SINGLE d/SINGLE e/SINGLE e/SINGLE a/SINGLE a/SINGLE a/SINGLE a/SINGLE b/SINGLE d/SINGLE b/SINGLE
c/SINGLE b/SINGLE a/SINGLE d/SINGLE a/SINGLE e/SINGLE e/SINGLE e/SINGLE a/SINGLE d/SINGLE c/SINGLE d/SINGLE e/SINGLE c/SINGLE b/SINGLE
d/SINGLE c/SINGLE e/SINGLE d/SINGLE c/SINGLE b/SINGLE a/SINGLE a/SINGLE a/SINGLE a/SINGLE a/SINGLE a/SINGLE d/SINGLE c/SINGLE b/SINGLE
d/SINGLE d/SINGLE e/SINGLE a/SINGLE d/SINGLE d/SINGLE d/SINGLE b/SINGLE b/SINGLE b/SINGLE e/SINGLE d/SINGLE b/SINGLE d/SINGLE a/SINGLE
b/SINGLE e/SINGLE c/SINGLE d/SINGLE d/SINGLE e/SINGLE d/SINGLE e/SINGLE c/SINGLE
e/SINGLE d/SINGLE d/SINGLE b/SINGLE e/SINGLE e/SINGLE e/SINGLE b/SINGLE b/SINGLE b/SINGLE e/SINGLE
d/SINGLE b/SINGLE a/SINGLE a/SINGLE b/SINGLE a/SINGLE c/SINGLE d/SINGLE d/SINGLE c/SINGLE e/SINGLE a/SINGLE
b/SINGLE a/SINGLE c/SINGLE e/SINGLE a/SINGLE d/SINGLE a/SINGLE b/SINGLE c/SINGLE b/SINGLE
e/SINGLE d/SINGLE a/SINGLE e/SINGLE a/SINGLE a/SINGLE
d/SINGLE b/SINGLE a/SINGLE b/SINGLE d/SINGLE b/SINGLE e/SINGLE
a/SINGLE c/SINGLE c/SINGLE e/SINGLE b/SINGLE a/SINGLE a/SINGLE b/SINGLE
d/SINGLE d/SINGLE e/SINGLE a/SINGLE b/SINGLE c/SINGLE d/SINGLE d/SINGLE
a/SINGLE a/SINGLE b/SINGLE b/SINGLE a/SINGLE c/SINGLE a/SINGLE d/SINGLE e/SINGLE d/SINGLE e/SINGLE
c/SINGLE c/SINGLE a/SINGLE a/SINGLE e/SINGLE d/SINGLE c/SINGLE a/SINGLE b/SINGLE a/SINGLE c/SINGLE c/SINGLE
e/SINGLE c/SINGLE a/SINGLE c/SINGLE a/SINGLE c/SINGLE d/SINGLE c/SINGLE e/SINGLE a/SINGLE c/SINGLE d/SINGLE a/SINGLE
e/SINGLE e/SINGLE c/SINGLE c/SINGLE d/SINGLE b/SINGLE c/SINGLE d/SINGLE c/SINGLE d/SINGLE c/SINGLE d/SINGLE
b/SINGLE b/SINGLE a/SINGLE e/SINGLE b/SINGLE c/SINGLE e/SINGLE d/SINGLE c/SINGLE
b/SINGLE d/SINGLE e/SINGLE c/SINGLE e/SINGLE e/SINGLE a/SINGLE a/SINGLE b/SINGLE c/SINGLE c/SINGLE c/SINGLE b/SINGLE d/SINGLE a/SINGLE
c/SINGLE d/SINGLE d/SINGLE c/SINGLE a/SINGLE a/SINGLE d/SINGLE c/SINGLE b/SINGLE a/SINGLE e/SINGLE b/SINGLE b/SINGLE b/SINGLE
b/SINGLE a/SINGLE c/SINGLE d/SINGLE a/SINGLE d/SINGLE b/SINGLE e/SINGLE a/SINGLE d/SINGLE e/SINGLE
c/SINGLE b/SINGLE b/SINGLE c/SINGLE a/SINGLE d/SINGLE c/SINGLE e/SINGLE c/SINGLE a/SINGLE a/SINGLE e/SINGLE d/SINGLE
a/SINGLE e/SINGLE a/SINGLE c/SINGLE c/SINGLE b/SINGLE a/SINGLE a/SINGLE b/SINGLE e/SINGLE a/SINGLE d/SINGLE d/SINGLE
e/SINGLE d/SINGLE c/SINGLE e/SINGLE c/SINGLE e/SINGLE e/SINGLE a/SINGLE e/SINGLE b/SINGLE c/SINGLE
c/SINGLE c/SINGLE e/SINGLE c/SINGLE b/SINGLE c/SINGLE e/SINGLE e/SINGLE d/SINGLE e/SINGLE a/SINGLE e/SINGLE c/SINGLE d/SINGLE
d/SINGLE c/SINGLE c/SINGLE e/SINGLE a/SINGLE c/SINGLE
c/SINGLE e/SINGLE d/SINGLE a/SINGLE b/SINGLE
d/SINGLE e/SINGLE a/SINGLE c/SINGLE c/SINGLE c/SINGLE
e/SINGLE a/SINGLE c/SINGLE e/SINGLE c/SINGLE e/SINGLE e/SINGLE
c/SINGLE e/SINGLE c/SINGLE c/SINGLE c/SINGLE d/SINGLE d/SINGLE b/SINGLE b/SINGLE d/SINGLE c/SINGLE c/SINGLE d/SINGLE d/SINGLE
a/SINGLE c/SINGLE e/SINGLE c/SINGLE e/SINGLE a/SINGLE d/SINGLE
a/SINGLE b/SINGLE b/SINGLE b/SINGLE c/SINGLE
a/SINGLE b/SINGLE a/SINGLE e/SINGLE b/SINGLE
c/SINGLE a/SINGLE e/SINGLE b/SINGLE d/SINGLE e/SINGLE b/SINGLE d/SINGLE b/SINGLE b/SINGLE a/SINGLE c/SINGLE
e/SINGLE e/SINGLE b/SINGLE a/SINGLE a/SINGLE c/SINGLE d/SINGLE a/SINGLE a/SINGLE
e/SINGLE c/SINGLE a/SINGLE c/SINGLE d/SINGLE
c/SINGLE d/SINGLE d/SINGLE a/SINGLE b/SINGLE e/SINGLE c/SINGLE b/SINGLE c/SINGLE c/SINGLE e/SINGLE
d/SINGLE c/SINGLE b/SINGLE c/SINGLE e/SINGLE c/SINGLE b/SINGLE c/SINGLE e/SINGLE e/SINGLE d/SINGLE a/SINGLE b/SINGLE a/SINGLE
e/SINGLE c/SINGLE b/SINGLE e/SINGLE e/SINGLE e/SINGLE a/SINGLE a/SINGLE e/SINGLE b/SINGLE e/SINGLE c/SINGLE
c/SINGLE a/SINGLE e/SINGLE d/SINGLE a/SINGLE a/SINGLE b/SINGLE b/SINGLE e/SINGLE d/SINGLE e/SINGLE d/SINGLE
b/SINGLE d/SINGLE e/SINGLE e/SINGLE d/SINGLE b/SINGLE d/SINGLE
c/SINGLE e/SINGLE b/SINGLE c/SINGLE a/SINGLE c/SINGLE d/SINGLE e/SINGLE d/SINGLE b/SINGLE b/SINGLE c/SINGLE
a/SINGLE c/SINGLE d/SINGLE c/SINGLE d/SINGLE a/SINGLE a/SINGLE c/SINGLE d/SINGLE d/SINGLE e/SINGLE
e/SINGLE e/SINGLE b/SINGLE e/SINGLE c/SINGLE a/SINGLE d/SINGLE
d/SINGLE b/SINGLE e/SINGLE b/SINGLE c/SINGLE d/SINGLE e/SINGLE
d/SINGLE c/SINGLE d/SINGLE d/SINGLE c/SINGLE e/SINGLE d/SINGLE e/SINGLE b/SINGLE a/SINGLE d/SINGLE b/SINGLE a/SINGLE d/SINGLE
a/SINGLE b/SINGLE e/SINGLE b/SINGLE d/SINGLE b/SINGLE d/SINGLE
a/SINGLE b/SINGLE d/SINGLE e/SINGLE d/SINGLE e/SINGLE b/SINGLE c/SINGLE a/SINGLE e/SINGLE b/SINGLE c/SINGLE
e/SINGLE b/SINGLE b/SINGLE c/SINGLE b/SINGLE
e/SINGLE a/SINGLE b/SINGLE d/SINGLE d/SINGLE e/SINGLE c/SINGLE b/SINGLE a/SINGLE b/SINGLE d/SINGLE d/SINGLE c/SINGLE c/SINGLE e/SINGLE
e/SINGLE d/SINGLE e/SINGLE b/SINGLE b/SINGLE b/SINGLE a/SINGLE a/SINGLE d/SINGLE d/SINGLE e/SINGLE c/SINGLE
e/SINGLE a/SINGLE e/SINGLE b/SINGLE a/SINGLE a/SINGLE a/SINGLE e/SINGLE e/SINGLE
b/SINGLE b/SINGLE b/SINGLE d/SINGLE a/SINGLE
b/SINGLE c/SINGLE a/SINGLE d/SINGLE c/SINGLE a/SINGLE e/SINGLE c/SINGLE b/SINGLE d/SINGLE c/SINGLE a/SINGLE b/SINGLE d/SINGLE
d/SINGLE b/SINGLE b/SINGLE e/SINGLE e/SINGLE d/SINGLE b/SINGLE b/SINGLE e/SINGLE
b/SINGLE a/SINGLE d/SINGLE d/SINGLE b/SINGLE e/SINGLE c/SINGLE b/SINGLE e/SINGLE d/SINGLE d/SINGLE
e/SINGLE d/SINGLE e/SINGLE a/SINGLE c/SINGLE a/SINGLE c/SINGLE e/SINGLE b/SINGLE e/SINGLE
e/SINGLE e/SINGLE e/SINGLE a/SINGLE c/SINGLE e/SINGLE b/SINGLE a/SINGLE c/SINGLE a/SINGLE e/SINGLE e/SINGLE e/SINGLE a/SINGLE
e/SINGLE e/SINGLE c/SINGLE d/SINGLE a/SINGLE a/SINGLE b/SINGLE e/SINGLE c/SINGLE
c/SINGLE c/SINGLE b/SINGLE e/SINGLE c/SINGLE c/SINGLE
a/SINGLE b/SINGLE c/SINGLE e/SINGLE d/SINGLE d/SINGLE c/SINGLE c/SINGLE d/SINGLE c/SINGLE a/SINGLE
b/SINGLE d/SINGLE c/SINGLE c/SINGLE e/SINGLE c/SINGLE e/SINGLE a/SINGLE c/SINGLE
a/SINGLE d/SINGLE e/SINGLE b/SINGLE b/SINGLE a/SINGLE d/SINGLE a/SINGLE d/SINGLE
b/SINGLE d/SINGLE b/SINGLE e/SINGLE d/SINGLE d/SINGLE
b/SINGLE a/SINGLE b/SINGLE e/SINGLE d/SINGLE c/SINGLE c/SINGLE d/SINGLE d/SINGLE c/SINGLE c/SINGLE e/SINGLE
c/SINGLE e/SINGLE e/SINGLE a/SINGLE d/SINGLE b/SINGLE c/SINGLE a/SINGLE b/SINGLE b/SINGLE c/SINGLE
b/SINGLE a/SINGLE d/SINGLE e/SINGLE d/SINGLE a/SINGLE d/SINGLE b/SINGLE d/SINGLE c/SINGLE e/SINGLE a/SINGLE c/SINGLE b/SINGLE
c/SINGLE a/SINGLE c/SINGLE c/SINGLE b/SINGLE b/SINGLE e/SINGLE e/SINGLE a/SINGLE d/SINGLE a/SINGLE a/SINGLE c/SINGLE e/SINGLE
a/SINGLE b/SINGLE a/SINGLE c/SINGLE d/SINGLE a/SINGLE c/SINGLE d/SINGLE e/SINGLE b/SINGLE d/SINGLE b/SINGLE
d/SINGLE b/SINGLE c/SINGLE c/SINGLE e/SINGLE b/SINGLE e/SINGLE e/SINGLE b/SINGLE a/SINGLE
e/SINGLE c/SINGLE b/SINGLE e/SINGLE d/SINGLE c/SINGLE a/SINGLE d/SINGLE
c/SINGLE b/SINGLE d/SINGLE d/SINGLE a/SINGLE b/SINGLE b/SINGLE
d/SINGLE a/SINGLE b/SINGLE c/SINGLE c/SINGLE e/SINGLE e/SINGLE d/SINGLE c/SINGLE e/SINGLE c/SINGLE a/SINGLE
e/SINGLE c/SINGLE e/SINGLE c/SINGLE b/SINGLE
b/SINGLE d/SINGLE c/SINGLE c/SINGLE c/SINGLE b/SINGLE a/SINGLE
a/SINGLE c/SINGLE b/SINGLE c/SINGLE c/SINGLE d/SINGLE a/SINGLE d/SINGLE d/SINGLE b/SINGLE c/SINGLE a/SINGLE
a/SINGLE c/SINGLE e/SINGLE c/SINGLE b/SINGLE a/SINGLE d/SINGLE e/SINGLE e/SINGLE c/SINGLE e/SINGLE a/SINGLE b/SINGLE c/SINGLE
a/SINGLE c/SINGLE a/SINGLE b/SINGLE b/SINGLE d/SINGLE e/SINGLE e/SINGLE c/SINGLE a/SINGLE c/SINGLE
d/SINGLE e/SINGLE e/SINGLE a/SINGLE d/SINGLE d/SINGLE e/SINGLE d/SINGLE a/SINGLE a/SINGLE b/SINGLE d/SINGLE d/SINGLE b/SINGLE
a/SINGLE e/SINGLE e/SINGLE b/SINGLE b/SINGLE e/SINGLE a/SINGLE a/SINGLE b/SINGLE
d/SINGLE e/SINGLE e/SINGLE c/SINGLE b/SINGLE c/SINGLE b/SINGLE d/SINGLE
e/SINGLE b/SINGLE e/SINGLE d/SINGLE a/SINGLE
b/SINGLE c/SINGLE b/SINGLE e/SINGLE c/SINGLE b/SINGLE d/SINGLE c/SINGLE a/SINGLE c/SINGLE b/SINGLE c/SINGLE e/SINGLE d/SINGLE
