c/OPEN_1 c/CLOSE_1 c/FILLER e/FILLER d/OPEN_2 a/CLOSE_2 b/OPEN_1 a/CLOSE_1 b/FILLER a/OPEN_2 c/CLOSE_2 d/OPEN_1 c/CLOSE_1
c/OPEN_1 b/CLOSE_1 a/FILLER d/OPEN_2 a/CLOSE_2 e/OPEN_1 e/CLOSE_1 e/FILLER a/OPEN_2 d/CLOSE_2
b/OPEN_1 d/CLOSE_1 e/FILLER a/OPEN_2 a/CLOSE_2 b/OPEN_1 e/CLOSE_1 e/OPEN_2 b/CLOSE_2
d/OPEN_2 c/CLOSE_2 d/OPEN_1 c/CLOSE_1 b/OPEN_1 c/CLOSE_1 e/FILLER d/OPEN_2 e/CLOSE_2
e/OPEN_2 d/CLOSE_2 b/OPEN_3 d/FILLER a/OPEN_2 c/CLOSE_2 d/OPEN_1 a/CLOSE_1 d/FILLER d/OPEN_2 a/CLOSE_2 a/OPEN_1 a/CLOSE_1
d/FILLER b/OPEN_1 c/CLOSE_1 d/FILLER b/OPEN_2 b/CLOSE_2 d/OPEN_1 a/CLOSE_1
c/OPEN_2 e/CLOSE_2 e/OPEN_1 a/CLOSE_1 c/FILLER d/OPEN_2 d/CLOSE_2 c/OPEN_1 c/CLOSE_1 e/FILLER c/OPEN_2 c/CLOSE_2
a/OPEN_1 a/CLOSE_1 b/FILLER a/OPEN_2 c/CLOSE_2
b/OPEN_2 b/CLOSE_2 a/OPEN_1 c/CLOSE_1 e/FILLER a/FILLER d/OPEN_2 a/CLOSE_2 b/OPEN_1 c/CLOSE_1
e/OPEN_2 d/CLOSE_2 a/OPEN_3 e/FILLER a/OPEN_2 a/CLOSE_2
d/OPEN_2 b/CLOSE_2 e/OPEN_1 b/CLOSE_1 a/FILLER c/OPEN_2 d/CLOSE_2
c/OPEN_1 c/CLOSE_1 d/FILLER d/FILLER a/OPEN_2 c/CLOSE_2 d/OPEN_1 d/CLOSE_1 e/FILLER a/OPEN_2 b/CLOSE_2
e/OPEN_1 e/CLOSE_1 d/FILLER b/OPEN_2 a/CLOSE_2 b/OPEN_1 b/CLOSE_1 d/OPEN_1 e/CLOSE_1
d/OPEN_2 b/CLOSE_2 a/OPEN_1 b/CLOSE_1 b/FILLER a/OPEN_2 c/CLOSE_2 d/OPEN_1 a/CLOSE_1
c/OPEN_1 c/CLOSE_1 a/FILLER a/OPEN_2 e/CLOSE_2 d/OPEN_1 c/CLOSE_1 a/FILLER b/OPEN_2 a/CLOSE_2
b/OPEN_1 e/CLOSE_1 d/FILLER a/OPEN_2 b/CLOSE_2 e/OPEN_1 a/CLOSE_1 d/FILLER d/OPEN_2 b/CLOSE_2
c/OPEN_2 d/CLOSE_2 a/OPEN_1 d/CLOSE_1 e/FILLER b/OPEN_1 c/CLOSE_1
c/OPEN_1 d/CLOSE_1 c/FILLER d/OPEN_2 c/CLOSE_2 d/OPEN_1 c/CLOSE_1 a/FILLER b/OPEN_2 b/CLOSE_2 c/OPEN_1 c/CLOSE_1
e/OPEN_2 d/CLOSE_2 e/OPEN_1 c/CLOSE_1 c/FILLER b/OPEN_2 b/CLOSE_2 d/OPEN_1 d/CLOSE_1
b/OPEN_1 e/CLOSE_1 d/FILLER d/OPEN_2 b/CLOSE_2 c/OPEN_1 b/CLOSE_1
e/OPEN_2 a/CLOSE_2 c/OPEN_1 e/CLOSE_1 d/FILLER e/OPEN_2 c/CLOSE_2 c/OPEN_1 e/CLOSE_1 c/OPEN_1 c/CLOSE_1
d/OPEN_1 c/CLOSE_1 a/OPEN_2 a/CLOSE_2 d/OPEN_1 c/CLOSE_1
e/OPEN_2 b/CLOSE_2 a/OPEN_3 e/FILLER b/OPEN_2 b/CLOSE_2
c/OPEN_2 d/CLOSE_2 a/OPEN_1 d/CLOSE_1 b/FILLER e/OPEN_2 a/CLOSE_2
c/OPEN_2 e/FILLER c/OPEN_2 b/CLOSE_2 b/OPEN_1 c/CLOSE_1 a/FILLER d/OPEN_2 c/CLOSE_2 e/OPEN_1 c/CLOSE_1
d/OPEN_2 a/CLOSE_2 e/OPEN_1 c/CLOSE_1 d/OPEN_1 a/CLOSE_1
d/OPEN_2 d/CLOSE_2 b/OPEN_1 d/CLOSE_1 d/FILLER d/OPEN_2 b/CLOSE_2 c/OPEN_1 c/CLOSE_1 d/CLOSE_2
e/OPEN_1 e/CLOSE_1 e/FILLER d/OPEN_2 c/CLOSE_2
d/OPEN_1 c/CLOSE_1 c/FILLER e/OPEN_2 c/CLOSE_2 b/OPEN_1 c/CLOSE_1 e/FILLER e/OPEN_2 d/CLOSE_2 e/FILLER a/OPEN_2 e/CLOSE_2
c/OPEN_2 e/CLOSE_2 a/OPEN_1 c/CLOSE_1 a/FILLER e/OPEN_2 b/CLOSE_2 a/OPEN_1 c/CLOSE_1
b/OPEN_2 a/CLOSE_2 d/OPEN_1 d/CLOSE_1
c/OPEN_2 c/CLOSE_2 b/OPEN_1 b/CLOSE_1 b/FILLER a/OPEN_2 d/CLOSE_2 d/OPEN_1 b/CLOSE_1
e/OPEN_2 d/CLOSE_2 b/OPEN_1 b/CLOSE_1 a/FILLER b/OPEN_2 c/CLOSE_2 a/OPEN_1 c/CLOSE_1
c/OPEN_1 d/CLOSE_1 d/FILLER b/OPEN_2 b/CLOSE_2 d/OPEN_1 c/CLOSE_1 c/FILLER d/OPEN_2 d/CLOSE_2
c/OPEN_1 c/CLOSE_1 a/OPEN_2 b/CLOSE_2 e/OPEN_1 a/CLOSE_1
b/OPEN_2 b/CLOSE_2 c/OPEN_1 a/CLOSE_1 e/FILLER e/OPEN_2 b/CLOSE_2 a/OPEN_1 c/CLOSE_1
a/OPEN_1 b/CLOSE_1 e/FILLER e/OPEN_2 e/CLOSE_2
d/OPEN_2 b/CLOSE_2 b/OPEN_1 a/CLOSE_1 c/FILLER c/OPEN_2 c/CLOSE_2 b/OPEN_1 d/CLOSE_1 d/FILLER e/OPEN_2 b/CLOSE_2
e/FILLER e/OPEN_2 b/CLOSE_2 a/OPEN_1 a/CLOSE_1 c/FILLER d/OPEN_2 a/CLOSE_2
e/OPEN_1 e/CLOSE_1 c/FILLER a/OPEN_2 c/CLOSE_2
e/OPEN_2 c/CLOSE_2 b/OPEN_1 c/CLOSE_1 c/FILLER e/OPEN_2 e/CLOSE_2 b/OPEN_1 c/CLOSE_1 b/OPEN_2 d/CLOSE_2
e/OPEN_2 e/CLOSE_2 b/OPEN_1 d/CLOSE_1 c/FILLER c/OPEN_2 d/CLOSE_2
b/OPEN_1 c/CLOSE_1 e/FILLER e/OPEN_2 d/CLOSE_2
b/OPEN_1 e/CLOSE_1 b/FILLER c/OPEN_2 a/CLOSE_2
d/OPEN_2 c/CLOSE_2 c/OPEN_1 e/CLOSE_1
a/OPEN_1 e/CLOSE_1 a/CLOSE_2 d/OPEN_1 c/CLOSE_1 b/FILLER b/OPEN_2 a/CLOSE_2 c/OPEN_1 c/CLOSE_1
d/OPEN_1 a/CLOSE_1 a/OPEN_2 b/CLOSE_2 b/OPEN_1 e/CLOSE_1
e/OPEN_2 e/CLOSE_2 d/OPEN_1 b/CLOSE_1 d/FILLER d/OPEN_2 d/CLOSE_2 d/OPEN_1 a/CLOSE_1 c/FILLER a/OPEN_2 b/CLOSE_2
d/OPEN_2 e/CLOSE_2 c/OPEN_1 c/CLOSE_1
b/OPEN_1 b/CLOSE_1 c/FILLER d/FILLER d/OPEN_2 a/CLOSE_2
c/OPEN_1 d/CLOSE_1 c/FILLER d/OPEN_2 a/CLOSE_2 a/OPEN_1 c/CLOSE_1 d/CLOSE_2
e/OPEN_1 c/CLOSE_1 a/FILLER d/OPEN_2 b/CLOSE_2 e/OPEN_1 c/CLOSE_1 e/FILLER e/FILLER a/OPEN_2 b/CLOSE_2
d/OPEN_2 a/CLOSE_2 d/OPEN_1 c/CLOSE_1 c/FILLER e/OPEN_2 d/CLOSE_2 b/OPEN_1 b/CLOSE_1
a/OPEN_2 e/CLOSE_2 e/OPEN_1 a/CLOSE_1
d/OPEN_2 b/CLOSE_2 a/OPEN_1 a/CLOSE_1 b/OPEN_2 a/CLOSE_2 b/OPEN_1 e/CLOSE_1 b/FILLER d/OPEN_2 b/CLOSE_2
b/OPEN_1 d/CLOSE_1 e/FILLER d/OPEN_2 e/CLOSE_2 b/OPEN_1 c/CLOSE_1 a/FILLER e/OPEN_2 b/CLOSE_2
c/OPEN_1 c/CLOSE_1 d/FILLER e/FILLER a/OPEN_2 e/CLOSE_2 c/OPEN_1 e/CLOSE_1
b/OPEN_2 d/CLOSE_2 d/OPEN_1 e/CLOSE_1 c/FILLER b/OPEN_2 a/CLOSE_2 b/OPEN_1 d/CLOSE_1
b/OPEN_2 b/CLOSE_2 b/OPEN_1 b/CLOSE_1 e/FILLER e/OPEN_2 d/CLOSE_2 e/FILLER b/OPEN_2 b/CLOSE_2
c/OPEN_2 d/CLOSE_2 b/OPEN_1 b/CLOSE_1 a/CLOSE_2 e/OPEN_1 e/CLOSE_1
e/OPEN_2 e/CLOSE_2 a/OPEN_1 d/CLOSE_1 b/FILLER a/OPEN_2 d/CLOSE_2
c/OPEN_2 d/CLOSE_2 a/OPEN_1 a/CLOSE_1 b/FILLER e/OPEN_2 d/CLOSE_2 b/OPEN_1 b/CLOSE_1 b/FILLER a/OPEN_2 a/CLOSE_2
d/OPEN_2 c/CLOSE_2 a/OPEN_1 b/CLOSE_1 d/FILLER c/OPEN_2 b/CLOSE_2 b/OPEN_1 c/CLOSE_1
e/OPEN_2 d/CLOSE_2 e/OPEN_1 d/CLOSE_1 e/FILLER a/OPEN_2 b/CLOSE_2 d/FILLER a/OPEN_2 a/CLOSE_2
a/OPEN_2 b/CLOSE_2 b/OPEN_1 c/CLOSE_1 e/CLOSE_2
d/OPEN_2 c/CLOSE_2 a/OPEN_1 e/CLOSE_1 e/FILLER d/OPEN_2 d/CLOSE_2
b/OPEN_2 e/CLOSE_2 e/OPEN_1 c/CLOSE_1 e/FILLER d/OPEN_2 b/CLOSE_2 d/OPEN_1 a/CLOSE_1 a/OPEN_2 d/CLOSE_2 c/OPEN_1 e/CLOSE_1
a/OPEN_1 c/CLOSE_1 e/FILLER b/OPEN_2 a/CLOSE_2 c/OPEN_1 a/CLOSE_1 e/FILLER e/OPEN_2 e/CLOSE_2
c/OPEN_2 d/CLOSE_2 d/OPEN_1 e/CLOSE_1
e/OPEN_1 c/CLOSE_1 a/CLOSE_2 d/OPEN_1 a/CLOSE_1 d/FILLER b/OPEN_2 b/CLOSE_2
b/OPEN_1 b/CLOSE_1 c/FILLER d/OPEN_2 a/CLOSE_2 b/OPEN_1 d/CLOSE_1 d/FILLER c/OPEN_2 d/CLOSE_2
d/OPEN_2 d/CLOSE_2 e/OPEN_1 a/CLOSE_1 d/FILLER e/OPEN_2 a/CLOSE_2 c/OPEN_1 c/CLOSE_1 d/OPEN_1 e/CLOSE_1
c/OPEN_1 c/CLOSE_1 a/FILLER a/OPEN_2 b/CLOSE_2
b/OPEN_2 a/CLOSE_2 e/OPEN_1 e/CLOSE_1 e/FILLER a/OPEN_2 b/CLOSE_2 d/OPEN_1 b/CLOSE_1 e/OPEN_2 d/CLOSE_2
a/OPEN_2 a/CLOSE_2 a/OPEN_3 d/FILLER b/OPEN_2 a/CLOSE_2 b/OPEN_1 e/CLOSE_1 d/FILLER c/OPEN_2 c/CLOSE_2
b/OPEN_1 b/CLOSE_1 c/FILLER a/OPEN_2 e/CLOSE_2 b/OPEN_1 c/CLOSE_1 e/FILLER e/FILLER a/OPEN_2 d/CLOSE_2
e/OPEN_2 d/CLOSE_2 b/OPEN_1 a/CLOSE_1 a/OPEN_1 e/CLOSE_1
b/OPEN_2 d/CLOSE_2 b/OPEN_1 c/CLOSE_1 b/FILLER c/FILLER b/OPEN_2 a/CLOSE_2 d/OPEN_1 e/CLOSE_1 d/FILLER a/OPEN_2 d/CLOSE_2
e/OPEN_2 b/CLOSE_2 b/OPEN_1 d/CLOSE_1 d/OPEN_1 c/CLOSE_1
e/OPEN_2 a/CLOSE_2 d/OPEN_1 a/CLOSE_1 a/OPEN_1 c/CLOSE_1 e/FILLER d/OPEN_2 d/CLOSE_2
a/OPEN_1 c/CLOSE_1 d/FILLER a/OPEN_2 c/CLOSE_2 d/OPEN_3 e/FILLER b/OPEN_2 d/CLOSE_2
a/OPEN_2 d/CLOSE_2 a/OPEN_1 c/CLOSE_1 d/FILLER b/OPEN_2 d/CLOSE_2
d/OPEN_2 b/CLOSE_2 c/OPEN_1 a/CLOSE_1 a/OPEN_1 e/CLOSE_1
c/OPEN_2 b/CLOSE_2 e/OPEN_1 d/CLOSE_1
c/OPEN_1 b/CLOSE_1 d/FILLER d/OPEN_2 a/CLOSE_2 b/OPEN_1 b/CLOSE_1 d/OPEN_2 b/CLOSE_2
a/OPEN_2 b/CLOSE_2 e/OPEN_1 e/CLOSE_1 b/FILLER c/OPEN_2 b/CLOSE_2
c/FILLER a/OPEN_2 a/CLOSE_2 b/OPEN_1 c/CLOSE_1 e/OPEN_1 c/CLOSE_1 e/FILLER c/OPEN_2 b/CLOSE_2 b/OPEN_1 a/CLOSE_1
b/OPEN_2 d/CLOSE_2 c/OPEN_1 c/CLOSE_1 c/FILLER b/OPEN_2 a/CLOSE_2 d/OPEN_1 d/CLOSE_1
c/OPEN_2 a/CLOSE_2 a/OPEN_1 c/CLOSE_1 b/CLOSE_2 c/OPEN_1 c/CLOSE_1 d/FILLER a/OPEN_2 d/CLOSE_2
a/OPEN_2 b/CLOSE_2 e/OPEN_3 d/FILLER a/OPEN_2 d/CLOSE_2 c/OPEN_1 c/CLOSE_1 e/FILLER c/OPEN_2 d/CLOSE_2
c/FILLER e/OPEN_2 a/CLOSE_2 b/OPEN_1 c/CLOSE_1 d/CLOSE_2
d/OPEN_2 d/CLOSE_2 c/OPEN_1 c/CLOSE_1 c/FILLER d/OPEN_2 c/CLOSE_2
b/OPEN_2 d/CLOSE_2 e/OPEN_1 e/CLOSE_1
e/OPEN_1 d/CLOSE_1 e/FILLER e/OPEN_2 d/CLOSE_2 d/OPEN_1 c/CLOSE_1 b/FILLER d/OPEN_2 a/CLOSE_2
d/OPEN_1 d/CLOSE_1 e/FILLER d/OPEN_2 a/CLOSE_2
d/OPEN_1 c/CLOSE_1 e/FILLER b/FILLER a/OPEN_2 b/CLOSE_2
b/OPEN_2 d/CLOSE_2 b/OPEN_1 a/CLOSE_1 e/FILLER c/OPEN_2 d/CLOSE_2 e/OPEN_1 e/CLOSE_1
b/OPEN_1 c/CLOSE_1 d/FILLER e/OPEN_2 b/CLOSE_2 e/FILLER d/OPEN_2 a/CLOSE_2
d/OPEN_2 e/CLOSE_2 e/OPEN_1 e/CLOSE_1
b/OPEN_2 c/CLOSE_2 b/OPEN_1 e/CLOSE_1 c/FILLER b/OPEN_2 d/CLOSE_2 c/OPEN_1 a/CLOSE_1
d/OPEN_2 a/CLOSE_2 a/OPEN_1 b/CLOSE_1 c/FILLER b/OPEN_2 c/CLOSE_2 d/OPEN_1 c/CLOSE_1
d/OPEN_2 d/CLOSE_2 a/OPEN_1 c/CLOSE_1 c/FILLER c/OPEN_2 a/CLOSE_2 a/OPEN_1 c/CLOSE_1
a/OPEN_2 b/CLOSE_2 c/OPEN_1 c/CLOSE_1 b/OPEN_1 e/CLOSE_1
a/OPEN_2 b/CLOSE_2 a/OPEN_1 a/CLOSE_1 c/FILLER b/OPEN_2 d/CLOSE_2 a/OPEN_1 e/CLOSE_1 d/FILLER b/OPEN_1 c/CLOSE_1
d/OPEN_2 b/CLOSE_2 b/OPEN_1 e/CLOSE_1 b/FILLER c/FILLER a/OPEN_2 b/CLOSE_2 a/OPEN_1 c/CLOSE_1
c/OPEN_2 b/CLOSE_2 e/OPEN_1 c/CLOSE_1 c/FILLER c/OPEN_2 a/CLOSE_2 d/OPEN_1 c/CLOSE_1
e/OPEN_2 b/CLOSE_2 b/OPEN_1 b/CLOSE_1 e/FILLER c/OPEN_2 b/CLOSE_2 a/OPEN_1 b/CLOSE_1 d/FILLER e/OPEN_2 a/CLOSE_2
d/OPEN_1 a/CLOSE_1 e/FILLER c/OPEN_2 e/CLOSE_2
a/OPEN_1 b/CLOSE_1 d/FILLER a/OPEN_2 a/CLOSE_2
b/OPEN_1 c/CLOSE_1 a/OPEN_2 e/CLOSE_2 d/OPEN_1 e/CLOSE_1
e/OPEN_2 d/CLOSE_2 a/OPEN_1 b/CLOSE_1
c/OPEN_2 d/CLOSE_2 a/OPEN_1 c/CLOSE_1 a/OPEN_2 b/CLOSE_2 e/OPEN_1 c/CLOSE_1 b/FILLER e/OPEN_2 d/CLOSE_2 d/OPEN_1 e/CLOSE_1
c/OPEN_2 a/CLOSE_2 e/OPEN_1 a/CLOSE_1
b/OPEN_1 b/CLOSE_1 d/FILLER a/OPEN_2 d/CLOSE_2 d/OPEN_1 c/CLOSE_1 e/FILLER e/OPEN_2 a/CLOSE_2 a/OPEN_1 d/CLOSE_1
d/OPEN_2 b/CLOSE_2 e/OPEN_1 d/CLOSE_1 d/OPEN_1 e/CLOSE_1 e/FILLER e/OPEN_2 d/CLOSE_2 e/OPEN_1 c/CLOSE_1
c/OPEN_1 a/CLOSE_1 b/FILLER b/OPEN_2 d/CLOSE_2
e/OPEN_1 a/CLOSE_1 d/FILLER c/OPEN_2 a/CLOSE_2 d/OPEN_1 e/CLOSE_1 c/FILLER a/OPEN_2 c/CLOSE_2 d/OPEN_1 b/CLOSE_1
d/FILLER a/OPEN_2 c/CLOSE_2 d/OPEN_1 a/CLOSE_1 a/FILLER a/OPEN_2 d/CLOSE_2
d/OPEN_2 e/CLOSE_2 e/OPEN_1 c/CLOSE_1 a/OPEN_1 e/CLOSE_1 e/FILLER b/OPEN_2 b/CLOSE_2
c/OPEN_1 d/CLOSE_1 e/FILLER d/OPEN_2 e/CLOSE_2
e/FILLER b/OPEN_2 c/CLOSE_2 b/OPEN_1 c/CLOSE_1 a/CLOSE_2
e/OPEN_2 b/CLOSE_2 a/OPEN_1 e/CLOSE_1 e/FILLER c/OPEN_2 a/CLOSE_2 e/OPEN_1 c/CLOSE_1 a/OPEN_2 b/CLOSE_2
d/OPEN_2 e/CLOSE_2 a/OPEN_1 e/CLOSE_1 e/FILLER b/OPEN_2 c/CLOSE_2 b/OPEN_1 c/CLOSE_1 e/OPEN_2 b/CLOSE_2
c/OPEN_1 b/CLOSE_1 e/FILLER c/OPEN_2 c/CLOSE_2
a/OPEN_2 d/CLOSE_2 a/OPEN_1 a/CLOSE_1 c/FILLER c/FILLER b/OPEN_2 a/CLOSE_2 d/OPEN_1 a/CLOSE_1
b/OPEN_2 a/CLOSE_2 a/OPEN_1 a/CLOSE_1 e/FILLER c/OPEN_2 c/CLOSE_2 d/OPEN_1 c/CLOSE_1 a/FILLER d/OPEN_2 b/CLOSE_2
e/FILLER e/OPEN_2 a/CLOSE_2 c/OPEN_1 e/CLOSE_1 e/FILLER b/OPEN_2 e/CLOSE_2
e/OPEN_1 b/CLOSE_1 e/FILLER a/OPEN_2 d/CLOSE_2 e/OPEN_1 e/CLOSE_1 b/FILLER a/OPEN_2 e/CLOSE_2
a/OPEN_2 b/CLOSE_2 b/OPEN_1 b/CLOSE_1 b/FILLER e/FILLER e/OPEN_2 e/CLOSE_2
c/OPEN_2 c/CLOSE_2 e/OPEN_1 e/CLOSE_1 e/FILLER d/OPEN_2 e/CLOSE_2 d/OPEN_1 c/CLOSE_1
b/OPEN_2 a/CLOSE_2 c/OPEN_1 d/CLOSE_1 e/FILLER c/OPEN_2 b/CLOSE_2
e/OPEN_2 e/CLOSE_2 d/OPEN_1 a/CLOSE_1 e/FILLER d/OPEN_2 d/CLOSE_2
d/OPEN_2 d/CLOSE_2 c/OPEN_1 a/CLOSE_1 c/OPEN_1 e/CLOSE_1
e/OPEN_2 c/CLOSE_2 d/OPEN_1 b/CLOSE_1 c/FILLER c/OPEN_2 d/CLOSE_2 c/OPEN_1 e/CLOSE_1
d/OPEN_2 b/CLOSE_2 d/OPEN_1 a/CLOSE_1
c/OPEN_2 c/CLOSE_2 d/OPEN_1 b/CLOSE_1 c/FILLER b/OPEN_2 a/CLOSE_2 d/OPEN_1 a/CLOSE_1
e/OPEN_1 b/CLOSE_1 b/FILLER a/OPEN_2 d/CLOSE_2
a/OPEN_2 b/CLOSE_2 a/OPEN_1 b/CLOSE_1 c/FILLER b/OPEN_2 d/CLOSE_2 a/OPEN_1 c/CLOSE_1
e/OPEN_1 c/CLOSE_1 d/FILLER b/OPEN_2 b/CLOSE_2 d/OPEN_1 c/CLOSE_1 b/OPEN_2 d/CLOSE_2 c/OPEN_1 c/CLOSE_1
e/OPEN_2 a/CLOSE_2 b/OPEN_1 a/CLOSE_1
c/FILLER a/OPEN_1 c/CLOSE_1 e/FILLER d/OPEN_2 a/CLOSE_2 a/OPEN_1 c/CLOSE_1
a/OPEN_2 e/FILLER c/OPEN_2 d/CLOSE_2 c/OPEN_1 e/CLOSE_1
e/OPEN_2 a/CLOSE_2 e/OPEN_1 c/CLOSE_1 e/OPEN_2 d/CLOSE_2
a/OPEN_1 c/CLOSE_1 d/FILLER e/FILLER e/OPEN_2 d/CLOSE_2
a/OPEN_2 e/CLOSE_2 c/OPEN_1 e/CLOSE_1 a/FILLER a/OPEN_2 d/CLOSE_2 c/OPEN_1 b/CLOSE_1
b/OPEN_2 d/CLOSE_2 a/OPEN_1 b/CLOSE_1 d/FILLER d/FILLER d/OPEN_2 d/CLOSE_2
c/OPEN_1 e/CLOSE_1 e/FILLER c/OPEN_2 b/CLOSE_2 c/OPEN_1 c/CLOSE_1 c/OPEN_1 e/CLOSE_1
b/OPEN_2 a/CLOSE_2 b/OPEN_1 d/CLOSE_1 d/FILLER e/FILLER d/OPEN_2 b/CLOSE_2
d/OPEN_2 d/CLOSE_2 b/OPEN_1 e/CLOSE_1 d/OPEN_2 a/CLOSE_2 b/OPEN_1 a/CLOSE_1
c/OPEN_2 b/CLOSE_2 b/OPEN_1 e/CLOSE_1 e/FILLER a/OPEN_2 b/CLOSE_2 a/OPEN_1 a/CLOSE_1 b/OPEN_2 d/CLOSE_2
