d/D b/D b/D a/D c/D d/D c/D a/EOS
b/C c/C c/C a/C b/C c/C b/C b/C c/C d/D d/D d/EOS
a/D d/D a/D c/D b/D b/D d/D d/D a/EOS
d/D a/D c/D b/D d/D a/D b/D c/D b/EOS
c/D a/D d/D b/D a/EOS
d/D b/D d/D d/D d/D c/EOS
a/A a/A b/B b/B b/B a/C c/C d/C c/C a/C c/C d/EOS
b/B b/B b/B a/D c/D b/D d/D c/D d/D b/D d/D c/EOS
d/D d/D a/A a/A a/A c/A c/EOS
a/D b/D b/D d/D b/D d/D c/D d/D b/EOS
a/A c/A c/A a/A a/A a/A d/EOS
a/C b/C c/C c/C b/C d/EOS
b/B b/B d/D b/D c/D a/D a/D d/D c/D d/D a/D c/EOS
a/A c/A b/B b/B b/B b/B d/EOS
c/C c/C c/C b/A a/A a/A a/A d/EOS
b/D d/D b/D d/D d/D b/B b/B c/EOS
b/C c/C c/C d/EOS
d/D a/D b/D b/D d/D a/D d/D d/D c/D a/D c/D a/EOS
d/D d/D c/D a/D c/D c/D a/D d/D b/D d/D a/D c/EOS
a/A a/A c/A a/A c/EOS
a/A d/A a/A c/A d/EOS
d/D b/D a/D c/D b/D b/EOS
a/A b/A a/A c/A b/B b/B b/B a/EOS
d/A b/A a/A b/A b/A c/A a/A a/EOS
c/C c/C b/C b/C c/C c/C a/C b/EOS
d/C c/C c/C b/C c/C a/A a/A d/A d/EOS
d/D a/D b/D d/EOS
d/D d/D c/D b/D d/EOS
d/D b/D c/D d/D a/D b/D d/D c/EOS
a/A a/A d/A a/A d/A a/A d/A d/EOS
c/D c/D d/D b/D d/D b/D c/D d/D d/D b/EOS
b/D d/D b/D d/D c/D d/EOS
c/C c/C b/B b/B c/B b/B b/B d/B c/EOS
d/D d/D c/D a/D a/D a/D d/D d/D c/EOS
d/D c/D d/D b/D d/D a/D b/D d/D d/EOS
b/D d/D a/D d/D d/D d/D b/EOS
b/C d/C a/C c/C c/C b/EOS
d/D a/D c/D a/D d/D a/D d/D c/D b/D c/EOS
b/B d/B b/B d/EOS
a/A c/A a/A b/A a/EOS
d/D b/D c/D b/D a/EOS
d/A a/A a/A b/A a/A c/EOS
b/D d/D d/D b/A a/A a/A c/A b/A a/A a/A d/EOS
b/B b/B a/A d/A a/A c/A a/A c/A b/A d/A a/A c/EOS
b/A d/A a/A a/A b/EOS
a/A c/A a/A a/A b/A a/EOS
b/C c/C c/C d/C b/C b/EOS
d/A a/A c/A b/A c/A b/A a/A d/EOS
c/A d/A a/A a/A b/B c/B b/B b/EOS
b/B c/B b/B a/EOS
b/D d/D d/D b/D a/D b/D b/EOS
d/D d/D a/D c/D a/D d/D a/EOS
b/B a/B b/B b/B c/C c/C b/D d/D b/D d/D b/EOS
c/C b/C d/C c/C c/EOS
a/D b/D d/D d/D b/D a/D d/D b/D d/D b/B b/B d/EOS
b/B b/B d/B c/EOS
c/A a/A d/A c/A a/A b/A a/A b/A d/EOS
a/A b/A c/A a/A c/A d/A a/A a/A c/A c/EOS
b/A a/A a/A c/A a/A d/D d/D c/D d/D a/D a/EOS
d/D a/D d/D a/D c/D a/D d/D a/D d/D d/EOS
a/A a/A a/A b/A c/EOS
b/D a/D d/D b/D d/D c/D b/B b/B c/B b/B b/EOS
d/A a/A d/A a/A b/A b/A d/A a/A a/A c/A b/EOS
a/A a/A c/A c/EOS
a/A c/A d/A a/A a/A c/C c/C b/C d/C a/C c/C b/EOS
d/D d/D a/A c/A a/A c/A d/A a/A a/A b/EOS
d/D c/D c/D d/D c/D d/D d/D d/D d/D c/D c/D a/EOS
c/C c/C d/C a/C b/C b/EOS
c/C b/C c/C a/C b/EOS
d/C c/C a/C c/C d/C c/C b/B a/B b/B d/EOS
c/C c/C a/C d/C b/C c/C c/EOS
b/D d/D a/D d/D c/C c/C b/C c/C a/A a/A c/EOS
b/C c/C b/C c/C c/C a/EOS
c/C d/C a/C b/C c/C c/C d/C a/C d/EOS
a/A b/A a/A c/A d/A d/EOS
b/D d/D b/D d/D d/D b/B b/B c/EOS
c/A a/A a/A a/EOS
c/C c/C c/C a/C c/C d/D d/D b/B b/B d/EOS
a/C b/C c/C c/C d/C c/C b/EOS
a/D d/D d/D d/D a/D b/D a/EOS
c/C c/C b/C a/C b/C c/C a/C c/EOS
c/C c/C c/C d/D a/D c/D a/D d/D d/D a/D d/EOS
d/A b/A a/A c/A a/A a/A a/A c/A a/A d/A c/A b/EOS
b/D d/D c/D a/D b/D b/D a/D b/D d/D d/D b/EOS
a/A d/A c/A b/A c/A a/A d/A a/A c/A a/A d/EOS
a/A b/A a/A b/A c/A d/A a/A a/EOS
c/A a/A a/A a/A c/D d/D d/D b/B b/B b/EOS
a/D d/D c/D c/D a/D d/D a/EOS
c/B b/B b/B b/EOS
c/C d/C c/C c/C c/C a/D d/D c/D d/D d/D a/D a/EOS
d/A a/A a/A a/A b/A a/EOS
d/D d/D d/D b/D a/D a/D b/D d/D a/D c/D a/EOS
d/C c/C c/C c/C a/C b/C a/C c/C b/EOS
b/D d/D d/D d/D c/EOS
c/C c/C c/C d/D d/D a/A a/A c/A b/A a/A a/A c/EOS
c/C c/C b/C c/C b/C b/EOS
c/A b/A a/A b/EOS
b/A a/A a/A b/A c/A d/A a/A d/EOS
d/C c/C b/C c/C c/C d/EOS
d/D c/D a/D d/EOS
