d/D b/B b/C a/C c/D d/D c/C a/B
b/D c/C c/C a/C b/D c/C b/C b/B c/C d/D d/D d/D
a/D d/D a/A c/D b/D b/B d/D d/D a/D
d/D a/C c/A b/A d/A a/D b/D c/C b/B
c/A a/D d/A b/A a/A
d/D b/D d/D d/D d/D c/D
a/A a/D b/A b/A b/A a/C c/D d/D c/C a/C c/D d/D
b/D b/B b/C a/C c/B b/D d/C c/C d/D b/B d/D c/D
d/D d/A a/A a/D a/D c/A c/A
a/D b/B b/B d/B b/D d/D c/C d/D b/B
a/A c/A c/A a/A a/A a/D d/A
a/D b/B c/C c/C b/B d/B
b/D b/D d/C b/B c/C a/C a/D d/D c/C d/B a/C c/A
a/D c/C b/B b/B b/B b/B d/B
c/D c/C c/C b/A a/A a/A a/D d/A
b/D d/D b/D d/D d/D b/B b/B c/B
b/D c/C c/C d/B
d/D a/D b/A b/D d/A a/D d/D d/D c/A a/C c/C a/A
d/D d/D c/C a/C c/C c/C a/C d/A b/D d/A a/D c/D
a/A a/A c/A a/A c/A
a/D d/D a/A c/D d/D
d/D b/B a/C c/B b/B b/B
a/A b/B a/C c/B b/B b/B b/C a/C
d/D b/B a/C b/B b/B c/A a/C a/A
c/D c/C b/C b/B c/C c/C a/C b/B
d/D c/C c/C b/C c/C a/C a/D d/D d/D
d/D a/D b/A d/D
d/D d/D c/C b/D d/D
d/D b/B c/C d/B a/D b/D d/D c/C
a/A a/D d/A a/A d/A a/A d/A d/A
c/D c/C d/B b/D d/D b/B c/C d/D d/D b/D
b/D d/D b/B d/D c/C d/B
c/D c/C b/C b/C c/C b/B b/B d/C c/C
d/D d/D c/A a/A a/A a/D d/A d/A c/A
d/D c/C d/B b/D d/B a/D b/D d/D d/D
b/D d/D a/D d/D d/D d/D b/D
b/D d/D a/A c/D c/C b/B
d/D a/A c/A a/A d/A a/A d/A c/A b/A c/A
b/D d/D b/D d/D
a/A c/C a/C b/A a/A
d/D b/B c/C b/C a/C
d/A a/A a/A b/A a/A c/A
b/D d/D d/D b/D a/C a/A c/A b/A a/C a/D d/D
b/D b/B a/C d/A a/A c/A a/A c/A b/A d/A a/A c/A
b/D d/A a/A a/D b/D
a/A c/C a/C a/A b/A a/A
b/D c/C c/C d/B b/B b/B
d/D a/C c/A b/A c/C b/C a/C d/B
c/D d/D a/A a/D b/D c/C b/B b/B
b/D c/C b/C a/C
b/D d/D d/D b/B a/C b/D b/B
d/D d/D a/A c/A a/A d/A a/D
b/A a/C b/A b/D c/C c/C b/B d/B b/D d/D b/D
c/D b/D d/C c/C c/B
a/D b/D d/D d/D b/B a/D d/A b/D d/C b/B b/D d/D
b/D b/D d/C c/C
c/A a/D d/A c/A a/A b/A a/A b/A d/A
a/D b/B c/C a/C c/D d/D a/A a/D c/B c/B
b/A a/A a/A c/A a/A d/A d/A c/A d/A a/A a/A
d/D a/D d/A a/A c/A a/A d/A a/A d/A d/A
a/A a/A a/A b/A c/A
b/A a/D d/A b/D d/D c/C b/C b/C c/C b/C b/B
d/D a/D d/A a/D b/A b/A d/A a/A a/A c/A b/A
a/A a/C c/A c/A
a/A c/C d/A a/A a/D c/B c/C b/B d/B a/C c/D b/D
d/D d/D a/A c/A a/D c/A d/A a/A a/A b/A
d/D c/C c/C d/B c/C d/D d/D d/D d/D c/D c/C a/C
c/D c/C d/C a/C b/D b/D
c/D b/B c/C a/C b/B
d/D c/C a/C c/D d/D c/C b/C a/C b/D d/D
c/D c/C a/C d/A b/D c/C c/B
b/D d/D a/D d/D c/B c/C b/C c/C a/C a/A c/A
b/D c/C b/C c/C c/C a/C
c/D d/D a/A b/D c/B c/C d/B a/D d/D
a/A b/B a/C c/D d/D d/D
b/D d/D b/D d/D d/D b/B b/B c/B
c/A a/A a/A a/A
c/D c/C c/C a/C c/D d/D d/D b/D b/D d/D
a/D b/B c/C c/C d/C c/C b/B
a/D d/D d/D d/D a/D b/D a/D
c/D c/C b/C a/C b/D c/C a/C c/A
c/D c/C c/C d/B a/D c/A a/D d/A d/A a/D d/A
d/D b/B a/A c/A a/A a/A a/A c/A a/A d/A c/A b/A
b/D d/D c/C a/C b/D b/B a/C b/D d/D d/D b/D
a/D d/D c/C b/C c/C a/C d/A a/A c/A a/A d/A
a/A b/B a/C b/B c/A d/A a/A a/D
c/A a/A a/A a/A c/A d/A d/A b/D b/D b/B
a/D d/D c/C c/C a/C d/A a/D
c/D b/B b/B b/B
c/D d/D c/C c/C c/C a/C d/C c/D d/D d/A a/D a/D
d/A a/A a/A a/A b/A a/A
d/D d/D d/D b/D a/C a/A b/D d/A a/A c/D a/D
d/D c/C c/C c/C a/C b/A a/C c/A b/A
b/D d/D d/D d/D c/D
c/D c/C c/C d/D d/D a/A a/D c/A b/A a/C a/A c/A
c/D c/C b/C c/C b/B b/B
c/D b/B a/C b/B
b/A a/A a/A b/A c/A d/A a/A d/A
d/D c/C b/C c/C c/C d/B
d/D c/C a/C d/A
