d/D b/C b/B a/B c/B d/C c/C a/EOS
b/D c/C c/C a/C b/C c/C b/C b/C c/C d/C d/C d/EOS
a/C d/A a/B c/A b/B b/C d/C d/A a/EOS
d/A a/C c/A b/B d/B a/D b/A c/A b/EOS
c/A a/C d/A b/B a/EOS
d/D b/C d/C d/D d/D c/EOS
a/A a/C b/B b/C b/B a/D c/A d/A c/A a/A c/A d/EOS
b/D b/C b/B a/B c/B b/B d/C c/C d/C b/B d/D c/EOS
d/C d/A a/A a/A a/A c/A c/EOS
a/D b/C b/B d/B b/B d/D c/D d/D b/EOS
a/D c/A c/C a/C a/A a/C d/EOS
a/D b/C c/C c/C b/C d/EOS
b/D b/C d/C b/B c/A a/A a/C d/C c/C d/A a/A c/EOS
a/D c/C b/C b/C b/B b/B d/EOS
c/C c/C c/C b/C a/A a/A a/D d/EOS
b/D d/C b/B d/B d/D b/D b/B c/EOS
b/D c/C c/C d/EOS
d/A a/C b/B b/D d/D a/D d/A d/A c/D a/A c/A a/EOS
d/D d/C c/C a/C c/C c/C a/C d/C b/B d/C a/A c/EOS
a/A a/C c/C a/A c/EOS
a/C d/A a/B c/C d/EOS
d/C b/A a/C c/C b/B b/EOS
a/C b/A a/B c/A b/B b/C b/C a/EOS
d/C b/A a/C b/B b/B c/A a/D a/EOS
c/C c/C b/C b/B c/C c/C a/C b/EOS
d/D c/C c/C b/C c/C a/C a/C d/D d/EOS
d/A a/C b/D d/EOS
d/D d/C c/C b/B d/EOS
d/D b/C c/C d/C a/B b/B d/D c/EOS
a/A a/C d/C a/A d/A a/D d/A d/EOS
c/C c/C d/C b/B d/B b/B c/D d/D d/D b/EOS
b/D d/C b/B d/B c/D d/EOS
c/C c/C b/C b/B c/C b/C b/B d/D c/EOS
d/D d/C c/A a/A a/A a/C d/A d/A c/EOS
d/D c/C d/C b/B d/B a/D b/D d/B d/EOS
b/C d/A a/C d/A d/D d/D b/EOS
b/C d/A a/C c/C c/C b/EOS
d/A a/C c/A a/D d/A a/A d/A c/A b/A c/EOS
b/D d/C b/B d/EOS
a/C c/A a/C b/A a/EOS
d/D b/C c/C b/B a/EOS
d/C a/A a/A b/A a/A c/EOS
b/D d/C d/C b/A a/D a/D c/A b/A a/A a/A d/EOS
b/D b/C a/A d/A a/D c/A a/C c/A b/A d/A a/A c/EOS
b/C d/A a/A a/C b/EOS
a/C c/A a/C a/A b/D a/EOS
b/D c/C c/C d/C b/B b/EOS
d/A a/C c/A b/B c/C b/C a/A d/EOS
c/C d/A a/A a/B b/B c/A b/A b/EOS
b/D c/C b/C a/EOS
b/D d/C d/C b/B a/D b/D b/EOS
d/C d/A a/A c/A a/C d/A a/EOS
b/A a/C b/B b/B c/D c/C b/C d/C b/C d/A b/EOS
c/C b/C d/C c/C c/EOS
a/D b/C d/B d/D b/D a/D d/D b/B d/D b/D b/B d/EOS
b/D b/C d/C c/EOS
c/A a/C d/A c/D a/A b/A a/A b/A d/EOS
a/D b/C c/C a/C c/C d/A a/B a/C c/C c/EOS
b/A a/A a/A c/A a/A d/A d/A c/A d/A a/A a/EOS
d/A a/C d/A a/D c/A a/A d/A a/A d/A d/EOS
a/A a/A a/C b/A c/EOS
b/A a/C d/A b/D d/D c/D b/A b/A c/A b/A b/EOS
d/A a/C d/A a/D b/A b/D d/D a/D a/A c/A b/EOS
a/A a/C c/A c/EOS
a/D c/C d/C a/A a/C c/C c/A b/C d/C a/A c/A b/EOS
d/C d/A a/A c/A a/C c/A d/A a/A a/C b/EOS
d/D c/C c/C d/C c/C d/C d/C d/D d/D c/D c/D a/EOS
c/C c/C d/C a/C b/B b/EOS
c/C b/C c/C a/C b/EOS
d/C c/A a/C c/C d/C c/C b/C a/C b/C d/EOS
c/C c/A a/C d/C b/B c/B c/EOS
b/C d/A a/C d/A c/D c/B b/C c/C a/C a/A c/EOS
b/D c/C b/C c/C c/C a/EOS
c/C d/A a/C b/B c/B c/D d/C a/C d/EOS
a/C b/A a/B c/A d/D d/EOS
b/D d/C b/B d/B d/D b/D b/B c/EOS
c/C a/A a/D a/EOS
c/C c/C c/C a/C c/C d/C d/C b/B b/B d/EOS
a/D b/C c/C c/C d/C c/C b/EOS
a/D d/C d/B d/D a/D b/D a/EOS
c/C c/C b/C a/C b/B c/C a/C c/EOS
c/C c/C c/C d/C a/C c/A a/C d/A d/C a/A d/EOS
d/C b/A a/A c/A a/A a/A a/A c/A a/C d/A c/A b/EOS
b/D d/C c/C a/C b/B b/C a/C b/B d/C d/D b/EOS
a/D d/C c/C b/C c/C a/C d/C a/A c/A a/A d/EOS
a/C b/A a/B b/A c/C d/A a/A a/EOS
c/C a/A a/C a/A c/A d/A d/A b/D b/A b/EOS
a/D d/C c/C c/C a/C d/C a/EOS
c/C b/C b/B b/EOS
c/C d/C c/C c/C c/C a/C d/C c/C d/C d/C a/D a/EOS
d/C a/A a/A a/A b/A a/EOS
d/D d/C d/C b/A a/D a/D b/B d/A a/D c/A a/EOS
d/D c/C c/C c/C a/C b/A a/C c/A b/EOS
b/D d/C d/C d/D c/EOS
c/C c/C c/C d/C d/C a/A a/D c/C b/A a/A a/A c/EOS
c/C c/C b/C c/C b/B b/EOS
c/C b/A a/C b/EOS
b/A a/A a/C b/A c/A d/A a/A d/EOS
d/D c/C b/C c/C c/C d/EOS
d/C c/A a/C d/EOS
