d/D b/B b/B a/D c/B d/D c/B a/D
b/B c/D c/B a/D b/B c/D b/B b/D c/B d/D d/B d/D
a/D d/B a/D c/B b/D b/B d/D d/B a/D
d/D a/B c/D b/B d/D a/B b/D c/B b/D
c/D a/B d/D b/B a/D
d/D b/B d/D d/B d/D c/B
a/A a/D b/B b/D b/B a/D c/B d/D c/B a/D c/B d/D
b/D b/B b/D a/B c/D b/B d/D c/B d/D b/B d/D c/B
d/D d/B a/D a/B a/D c/B c/D
a/D b/B b/B d/D b/B d/D c/B d/D b/B
a/D c/B c/D a/B a/D a/B d/D
a/D b/B c/B c/D b/B d/D
b/D b/B d/D b/B c/D a/B a/B d/D c/B d/D a/B c/D
a/D c/B b/D b/B b/D b/B d/D
c/D c/B c/D b/B a/B a/D a/B d/D
b/B d/D b/B d/D d/B b/D b/B c/D
b/B c/D c/B d/D
d/D a/B b/D b/B d/D a/B d/D d/B c/D a/B c/D a/B
d/D d/B c/D a/B c/B c/D a/B d/D b/B d/D a/B c/D
a/D a/B c/D a/B c/D
a/D d/B a/D c/B d/D
d/D b/B a/B c/D b/B b/D
a/D b/B a/B c/D b/B b/D b/B a/D
d/D b/B a/D b/B b/B c/D a/B a/D
c/D c/B b/D b/B c/D c/B a/D b/B
d/D c/B c/D b/B c/D a/B a/D d/B d/D
d/D a/B b/B d/D
d/D d/B c/D b/B d/D
d/D b/B c/D d/B a/D b/B d/D c/B
a/D a/B d/D a/B d/D a/B d/D d/B
c/D c/B d/D b/B d/D b/B c/D d/B d/D b/B
b/B d/D b/B d/D c/B d/D
c/D c/B b/D b/B c/D b/B b/D d/B c/D
d/D d/B c/D a/B a/D a/B d/D d/B c/D
d/D c/B d/D b/B d/D a/B b/D d/B d/D
b/B d/D a/B d/D d/B d/D b/B
b/B d/D a/B c/D c/B b/D
d/D a/B c/D a/B d/D a/B d/D c/B b/B c/D
b/B d/D b/B d/D
a/D c/B a/D b/B a/D
d/D b/B c/D b/B a/D
d/D a/B a/D b/B a/B c/D
b/D d/B d/D b/B a/D a/B c/D b/B a/D a/B d/D
b/B b/D a/B d/D a/B c/D a/B c/D b/B d/D a/B c/D
b/D d/B a/D a/B b/D
a/A c/D a/B a/D b/B a/D
b/B c/D c/B d/D b/B b/D
d/D a/B c/D b/B c/D b/B a/B d/D
c/B d/D a/B a/D b/B c/D b/B b/D
b/B c/D b/B a/D
b/D d/B d/D b/B a/D b/B b/D
d/D d/B a/D c/B a/D d/B a/D
b/B a/D b/B b/D c/B c/D b/B d/D b/B d/D b/B
c/D b/B d/D c/B c/D
a/D b/B d/D d/B b/D a/B d/D b/B d/D b/B b/B d/D
b/D b/B d/D c/B
c/D a/B d/D c/B a/D b/B a/D b/B d/D
a/D b/B c/D a/B c/B d/D a/B a/D c/B c/D
b/D a/B a/D c/B a/D d/B d/D c/B d/D a/B a/D
d/D a/B d/D a/B c/D a/B d/D a/B d/D d/B
a/D a/B a/D b/B c/D
b/D a/B d/D b/B d/D c/B b/D b/B c/D b/B b/D
d/D a/B d/D a/B b/D b/B d/D a/B a/D c/B b/D
a/D a/B c/D c/B
a/D c/B d/D a/B a/D c/B c/D b/B d/D a/B c/D b/B
d/D d/B a/D c/B a/D c/B d/D a/B a/D b/B
d/D c/B c/D d/B c/D d/B d/D d/B d/D c/B c/D a/B
c/D c/B d/D a/B b/D b/B
c/D b/B c/D a/B b/D
d/D c/B a/D c/B d/D c/B b/B a/D b/B d/D
c/D c/B a/D d/B b/D c/B c/D
b/B d/D a/B d/D c/B c/D b/B c/D a/B a/B c/D
b/B c/D b/B c/D c/B a/D
c/D d/B a/D b/B c/D c/B d/D a/B d/D
a/D b/B a/B c/D d/B d/D
b/B d/D b/B d/D d/B b/D b/B c/D
c/D a/B a/D a/B
c/D c/B c/D a/B c/D d/B d/D b/B b/B d/D
a/D b/B c/D c/B d/D c/B b/D
a/D d/B d/D d/B a/D b/B a/D
c/B c/D b/B a/D b/B c/D a/B c/D
c/D c/B c/D d/B a/D c/B a/D d/B d/D a/B d/D
d/D b/B a/B c/D a/B a/D a/B c/D a/B d/D c/B b/D
b/D d/B c/D a/B b/D b/B a/D b/B d/D d/B b/D
a/D d/B c/D b/B c/D a/B d/D a/B c/D a/B d/D
a/D b/B a/D b/B c/B d/D a/B a/D
c/D a/B a/D a/B c/D d/B d/D b/B b/D b/B
a/A d/D c/B c/D a/B d/D a/B
c/D b/B b/D b/B
c/D d/B c/D c/B c/D a/B d/D c/B d/D d/B a/D a/B
d/D a/B a/B a/D b/B a/D
d/D d/B d/D b/B a/D a/B b/D d/B a/D c/B a/D
d/D c/B c/D c/B a/D b/B a/D c/B b/D
b/D d/B d/D d/B c/D
c/D c/B c/D d/B d/D a/B a/B c/D b/B a/D a/B c/D
c/B c/D b/B c/D b/B b/D
c/D b/B a/D b/B
b/B a/D a/B b/D c/B d/D a/B d/D
d/D c/B b/B c/D c/B d/D
d/D c/B a/B d/D
