d/A b/C b/D a/A c/C d/D c/B a/EOS
b/D c/A c/C a/A b/D c/A b/C b/D c/A d/B d/B d/EOS
a/A d/B a/A c/C b/D b/B d/B d/B a/EOS
d/D a/A c/C b/D d/B a/A b/D c/B b/EOS
c/A a/C d/D b/B a/EOS
d/A b/C d/D d/B d/B c/EOS
a/A a/C b/D b/B b/D a/A c/C d/D c/B a/A c/C d/EOS
b/A b/C b/D a/A c/C b/D d/B c/A d/B b/D d/B c/EOS
d/D d/B a/A a/D a/A c/C c/EOS
a/A b/C b/D d/B b/D d/B c/A d/B b/EOS
a/A c/C c/C a/D a/A a/C d/EOS
a/A b/D c/A c/C b/D d/EOS
b/D b/B d/B b/D c/A a/D a/A d/B c/A d/B a/A c/EOS
a/A c/C b/D b/A b/C b/D d/EOS
c/A c/C c/C b/D a/A a/D a/A d/EOS
b/D d/B b/D d/B d/B b/D b/B c/EOS
b/D c/A c/C d/EOS
d/D a/A b/C b/D d/B a/A d/B d/B c/B a/A c/C a/EOS
d/D d/A c/C a/D c/A c/C a/A d/B b/D d/B a/A c/EOS
a/D a/A c/C a/A c/EOS
a/A d/B a/A c/C d/EOS
d/A b/D a/A c/C b/D b/EOS
a/A b/C a/D c/A b/C b/D b/B a/EOS
d/A b/D a/A b/C b/D c/B a/A a/EOS
c/A c/C b/C b/D c/A c/C a/A b/EOS
d/D c/A c/C b/D c/A a/D a/A d/B d/EOS
d/D a/A b/C d/EOS
d/D d/B c/A b/C d/EOS
d/A b/D c/A d/B a/A b/D d/B c/EOS
a/A a/C d/D a/A d/B a/A d/B d/EOS
c/A c/C d/B b/D d/B b/D c/A d/B d/B b/EOS
b/D d/B b/D d/B c/B d/EOS
c/A c/C b/C b/D c/A b/C b/D d/B c/EOS
d/D d/B c/B a/A a/D a/A d/B d/B c/EOS
d/D c/A d/B b/D d/B a/A b/D d/B d/EOS
b/D d/B a/A d/B d/B d/B b/EOS
b/D d/B a/A c/C c/B b/EOS
d/D a/A c/C a/A d/B a/A d/B c/A b/C c/EOS
b/D d/B b/B d/EOS
a/A c/C a/A b/C a/EOS
d/A b/D c/A b/C a/EOS
d/D a/A a/C b/D a/A c/EOS
b/D d/B d/A b/C a/D a/A c/C b/D a/A a/C d/EOS
b/A b/D a/A d/B a/A c/C a/A c/C b/D d/B a/A c/EOS
b/D d/B a/D a/A b/EOS
a/A c/C a/D a/A b/C a/EOS
b/D c/A c/C d/D b/B b/EOS
d/D a/A c/C b/D c/A b/D a/A d/EOS
c/A d/B a/A a/C b/D c/A b/C b/EOS
b/D c/A b/C a/EOS
b/D d/B d/B b/D a/A b/C b/EOS
d/D d/B a/A c/C a/A d/B a/EOS
b/D a/A b/C b/D c/A c/C b/D d/B b/D d/B b/EOS
c/A b/C d/D c/B c/EOS
a/A b/C d/D d/B b/D a/A d/B b/D d/B b/D b/B d/EOS
b/D b/B d/B c/EOS
c/A a/C d/D c/A a/C b/D a/A b/C d/EOS
a/A b/D c/B a/A c/C d/D a/A a/D c/B c/EOS
b/D a/A a/D c/B a/A d/B d/B c/A d/B a/A a/EOS
d/D a/A d/B a/A c/C a/A d/B a/A d/B d/EOS
a/A a/D a/A b/C c/EOS
b/D a/A d/B b/D d/B c/A b/C b/D c/A b/C b/EOS
d/D a/A d/B a/A b/C b/D d/B a/D a/A c/C b/EOS
a/D a/A c/C c/EOS
a/A c/C d/D a/A a/D c/A c/C b/D d/B a/A c/C b/EOS
d/D d/B a/A c/C a/A c/C d/D a/A a/C b/EOS
d/D c/A c/C d/D c/A d/B d/B d/B d/B c/A c/C a/EOS
c/A c/C d/D a/A b/C b/EOS
c/A b/D c/B a/A b/EOS
d/A c/C a/A c/C d/D c/A b/D a/A b/C d/EOS
c/A c/C a/A d/B b/D c/B c/EOS
b/D d/B a/A d/B c/A c/C b/D c/A a/D a/A c/EOS
b/D c/A b/D c/A c/C a/EOS
c/A d/B a/A b/D c/A c/C d/D a/A d/EOS
a/A b/D a/A c/C d/B d/EOS
b/D d/B b/D d/B d/B b/D b/B c/EOS
c/A a/D a/A a/EOS
c/A c/C c/B a/A c/C d/D d/B b/D b/B d/EOS
a/A b/D c/A c/C d/D c/B b/EOS
a/A d/B d/B d/B a/A b/C a/EOS
c/A c/C b/D a/A b/D c/B a/A c/EOS
c/A c/C c/C d/D a/A c/C a/A d/B d/B a/A d/EOS
d/A b/D a/A c/C a/A a/D a/A c/C a/A d/B c/B b/EOS
b/D d/B c/B a/A b/C b/D a/A b/C d/D d/B b/EOS
a/A d/B c/B b/D c/B a/A d/B a/A c/C a/A d/EOS
a/A b/D a/A b/D c/A d/B a/A a/EOS
c/A a/C a/D a/A c/C d/D d/B b/D b/B b/EOS
a/A d/B c/A c/C a/A d/B a/EOS
c/A b/C b/D b/EOS
c/A d/B c/B c/A c/C a/A d/B c/A d/B d/B a/A a/EOS
d/D a/A a/D a/A b/C a/EOS
d/D d/B d/B b/D a/A a/C b/D d/B a/A c/C a/EOS
d/D c/A c/C c/B a/A b/D a/A c/C b/EOS
b/D d/B d/B d/B c/EOS
c/A c/C c/A d/B d/B a/D a/A c/C b/D a/A a/C c/EOS
c/A c/C b/D c/A b/C b/EOS
c/A b/D a/A b/EOS
b/D a/A a/C b/D c/A d/B a/A d/EOS
d/A c/C b/D c/A c/C d/EOS
d/A c/C a/A d/EOS
